{
  "RSpec": {
    "coverage": {
      "/Users/jburns/code/llamaup/app/helpers/application_helper.rb": [
        1,
        null
      ],
      "/Users/jburns/code/llamaup/app/controllers/companies_controller.rb": [
        1,
        1,
        2,
        null,
        null
      ],
      "/Users/jburns/code/llamaup/app/controllers/application_controller.rb": [
        1,
        1,
        null
      ],
      "/Users/jburns/code/llamaup/app/models/company.rb": [
        1,
        1,
        1,
        null,
        1,
        null,
        1,
        2,
        null,
        null
      ],
      "/Users/jburns/code/llamaup/app/models/application_record.rb": [
        1,
        1,
        null
      ],
      "/Users/jburns/code/llamaup/app/models/lesson.rb": [
        1,
        1,
        null,
        1,
        1,
        null
      ]
    },
    "timestamp": 1509133414
  }
}
